<?xml version="1.0" encoding="UTF-8"?>
<!-- Generated by org.testng.reporters.JUnitReportReporter -->
<testsuite hostname="Swarnadeeps-MacBook-Pro.local" failures="0" tests="1" name="tests.SampleAPITest" time="1.956" errors="0" timestamp="2024-05-18T20:56:32 EDT" skipped="0">
  <testcase classname="tests.SampleAPITest" name="createPostTest" time="1.956"/>
  <system-out/>
</testsuite> <!-- tests.SampleAPITest -->
